<?xml version="1.0" encoding="UTF-8"?>
<!-- Generated by org.testng.reporters.JUnitReportReporter -->
<testsuite hostname="AnnaMac-2.local" name="packageTwo.Anotations" tests="2" failures="0" timestamp="10 Feb 2016 07:20:32 GMT" time="0.002" errors="0">
  <testcase name="OpeningBrowser" time="0.002" classname="packageTwo.Anotations"/>
  <testcase name="FlightBooking" time="0.000" classname="packageTwo.Anotations"/>
</testsuite> <!-- packageTwo.Anotations -->
