<?xml version="1.0" encoding="UTF-8"?>
<!-- Generated by org.testng.reporters.JUnitReportReporter -->
<testsuite hostname="AnnaMac-2.local" name="testngFiles.DependencyAnnot" tests="2" failures="0" timestamp="10 Feb 2016 07:20:32 GMT" time="0.004" errors="0">
  <testcase name="Timerelated" time="0.004" classname="testngFiles.DependencyAnnot"/>
  <testcase name="Openingbrowser" time="0.000" classname="testngFiles.DependencyAnnot"/>
</testsuite> <!-- testngFiles.DependencyAnnot -->
