<?xml version="1.0" encoding="UTF-8"?>
<!-- Generated by org.testng.reporters.JUnitReportReporter -->
<testsuite hostname="AnnaMac-2.local" name="testngFiles.Anotations" tests="2" failures="0" timestamp="10 Feb 2016 07:20:32 GMT" time="0.003" errors="0">
  <testcase name="OpeningBrowser" time="0.000" classname="testngFiles.Anotations"/>
  <testcase name="FlightBooking" time="0.003" classname="testngFiles.Anotations"/>
</testsuite> <!-- testngFiles.Anotations -->
